This is pdfTeX, Version 3.14159265-2.6-1.40.19 (TeX Live 2018) (preloaded format=pdflatex 2018.4.16)  26 AUG 2019 22:09
entering extended mode
 restricted \write18 enabled.
 %&-line parsing enabled.
**traits_pheno_na.tex
(./traits_pheno_na.tex
LaTeX2e <2018-04-01> patch level 2
Babel <3.18> and hyphenation patterns for 84 language(s) loaded.
(/usr/local/texlive/2018/texmf-dist/tex/latex/base/article.cls
Document Class: article 2014/09/29 v1.4h Standard LaTeX document class
(/usr/local/texlive/2018/texmf-dist/tex/latex/base/size10.clo
File: size10.clo 2014/09/29 v1.4h Standard LaTeX file (size option)
)
\c@part=\count80
\c@section=\count81
\c@subsection=\count82
\c@subsubsection=\count83
\c@paragraph=\count84
\c@subparagraph=\count85
\c@figure=\count86
\c@table=\count87
\abovecaptionskip=\skip41
\belowcaptionskip=\skip42
\bibindent=\dimen102
)
(/usr/local/texlive/2018/texmf-dist/tex/latex/graphics/graphicx.sty
Package: graphicx 2017/06/01 v1.1a Enhanced LaTeX Graphics (DPC,SPQR)

(/usr/local/texlive/2018/texmf-dist/tex/latex/graphics/keyval.sty
Package: keyval 2014/10/28 v1.15 key=value parser (DPC)
\KV@toks@=\toks14
)
(/usr/local/texlive/2018/texmf-dist/tex/latex/graphics/graphics.sty
Package: graphics 2017/06/25 v1.2c Standard LaTeX Graphics (DPC,SPQR)

(/usr/local/texlive/2018/texmf-dist/tex/latex/graphics/trig.sty
Package: trig 2016/01/03 v1.10 sin cos tan (DPC)
)
(/usr/local/texlive/2018/texmf-dist/tex/latex/graphics-cfg/graphics.cfg
File: graphics.cfg 2016/06/04 v1.11 sample graphics configuration
)
Package graphics Info: Driver file: pdftex.def on input line 99.

(/usr/local/texlive/2018/texmf-dist/tex/latex/graphics-def/pdftex.def
File: pdftex.def 2018/01/08 v1.0l Graphics/color driver for pdftex
))
\Gin@req@height=\dimen103
\Gin@req@width=\dimen104
)
(/usr/local/texlive/2018/texmf-dist/tex/latex/graphics/color.sty
Package: color 2016/07/10 v1.1e Standard LaTeX Color (DPC)

(/usr/local/texlive/2018/texmf-dist/tex/latex/graphics-cfg/color.cfg
File: color.cfg 2016/01/02 v1.6 sample color configuration
)
Package color Info: Driver file: pdftex.def on input line 147.
)
(/usr/local/texlive/2018/texmf-dist/tex/latex/framed/framed.sty
Package: framed 2011/10/22 v 0.96: framed or shaded text with page breaks
\OuterFrameSep=\skip43
\fb@frw=\dimen105
\fb@frh=\dimen106
\FrameRule=\dimen107
\FrameSep=\dimen108
)
(/usr/local/texlive/2018/texmf-dist/tex/latex/base/alltt.sty
Package: alltt 1997/06/16 v2.0g defines alltt environment
)
(/Library/Frameworks/R.framework/Resources/share/texmf/tex/latex/Sweave.sty
Package: Sweave 

(/usr/local/texlive/2018/texmf-dist/tex/latex/base/ifthen.sty
Package: ifthen 2014/09/29 v1.1c Standard LaTeX ifthen package (DPC)
)
(/usr/local/texlive/2018/texmf-dist/tex/latex/fancyvrb/fancyvrb.sty
Package: fancyvrb 2008/02/07

Style option: `fancyvrb' v2.7a, with DG/SPQR fixes, and firstline=lastline fix 
<2008/02/07> (tvz)
\FV@CodeLineNo=\count88
\FV@InFile=\read1
\FV@TabBox=\box26
\c@FancyVerbLine=\count89
\FV@StepNumber=\count90
\FV@OutFile=\write3
)
(/usr/local/texlive/2018/texmf-dist/tex/latex/base/textcomp.sty
Package: textcomp 2017/04/05 v2.0i Standard LaTeX package
Package textcomp Info: Sub-encoding information:
(textcomp)               5 = only ISO-Adobe without \textcurrency
(textcomp)               4 = 5 + \texteuro
(textcomp)               3 = 4 + \textohm
(textcomp)               2 = 3 + \textestimated + \textcurrency
(textcomp)               1 = TS1 - \textcircled - \t
(textcomp)               0 = TS1 (full)
(textcomp)             Font families with sub-encoding setting implement
(textcomp)             only a restricted character set as indicated.
(textcomp)             Family '?' is the default used for unknown fonts.
(textcomp)             See the documentation for details.
Package textcomp Info: Setting ? sub-encoding to TS1/1 on input line 79.

(/usr/local/texlive/2018/texmf-dist/tex/latex/base/ts1enc.def
File: ts1enc.def 2001/06/05 v3.0e (jk/car/fm) Standard LaTeX file
Now handling font encoding TS1 ...
... processing UTF-8 mapping file for font encoding TS1

(/usr/local/texlive/2018/texmf-dist/tex/latex/base/ts1enc.dfu
File: ts1enc.dfu 2018/04/05 v1.2c UTF-8 support for inputenc
   defining Unicode char U+00A2 (decimal 162)
   defining Unicode char U+00A3 (decimal 163)
   defining Unicode char U+00A4 (decimal 164)
   defining Unicode char U+00A5 (decimal 165)
   defining Unicode char U+00A6 (decimal 166)
   defining Unicode char U+00A7 (decimal 167)
   defining Unicode char U+00A8 (decimal 168)
   defining Unicode char U+00A9 (decimal 169)
   defining Unicode char U+00AA (decimal 170)
   defining Unicode char U+00AC (decimal 172)
   defining Unicode char U+00AE (decimal 174)
   defining Unicode char U+00AF (decimal 175)
   defining Unicode char U+00B0 (decimal 176)
   defining Unicode char U+00B1 (decimal 177)
   defining Unicode char U+00B2 (decimal 178)
   defining Unicode char U+00B3 (decimal 179)
   defining Unicode char U+00B4 (decimal 180)
   defining Unicode char U+00B5 (decimal 181)
   defining Unicode char U+00B6 (decimal 182)
   defining Unicode char U+00B7 (decimal 183)
   defining Unicode char U+00B9 (decimal 185)
   defining Unicode char U+00BA (decimal 186)
   defining Unicode char U+00BC (decimal 188)
   defining Unicode char U+00BD (decimal 189)
   defining Unicode char U+00BE (decimal 190)
   defining Unicode char U+00D7 (decimal 215)
   defining Unicode char U+00F7 (decimal 247)
   defining Unicode char U+0192 (decimal 402)
   defining Unicode char U+02C7 (decimal 711)
   defining Unicode char U+02D8 (decimal 728)
   defining Unicode char U+02DD (decimal 733)
   defining Unicode char U+0E3F (decimal 3647)
   defining Unicode char U+2016 (decimal 8214)
   defining Unicode char U+2020 (decimal 8224)
   defining Unicode char U+2021 (decimal 8225)
   defining Unicode char U+2022 (decimal 8226)
   defining Unicode char U+2030 (decimal 8240)
   defining Unicode char U+2031 (decimal 8241)
   defining Unicode char U+203B (decimal 8251)
   defining Unicode char U+203D (decimal 8253)
   defining Unicode char U+2044 (decimal 8260)
   defining Unicode char U+204E (decimal 8270)
   defining Unicode char U+2052 (decimal 8274)
   defining Unicode char U+20A1 (decimal 8353)
   defining Unicode char U+20A4 (decimal 8356)
   defining Unicode char U+20A6 (decimal 8358)
   defining Unicode char U+20A9 (decimal 8361)
   defining Unicode char U+20AB (decimal 8363)
   defining Unicode char U+20AC (decimal 8364)
   defining Unicode char U+20B1 (decimal 8369)
   defining Unicode char U+2103 (decimal 8451)
   defining Unicode char U+2116 (decimal 8470)
   defining Unicode char U+2117 (decimal 8471)
   defining Unicode char U+211E (decimal 8478)
   defining Unicode char U+2120 (decimal 8480)
   defining Unicode char U+2122 (decimal 8482)
   defining Unicode char U+2126 (decimal 8486)
   defining Unicode char U+2127 (decimal 8487)
   defining Unicode char U+212E (decimal 8494)
   defining Unicode char U+2190 (decimal 8592)
   defining Unicode char U+2191 (decimal 8593)
   defining Unicode char U+2192 (decimal 8594)
   defining Unicode char U+2193 (decimal 8595)
   defining Unicode char U+2329 (decimal 9001)
   defining Unicode char U+232A (decimal 9002)
   defining Unicode char U+2422 (decimal 9250)
   defining Unicode char U+25E6 (decimal 9702)
   defining Unicode char U+25EF (decimal 9711)
   defining Unicode char U+266A (decimal 9834)
   defining Unicode char U+FEFF (decimal 65279)
))
LaTeX Info: Redefining \oldstylenums on input line 334.
Package textcomp Info: Setting cmr sub-encoding to TS1/0 on input line 349.
Package textcomp Info: Setting cmss sub-encoding to TS1/0 on input line 350.
Package textcomp Info: Setting cmtt sub-encoding to TS1/0 on input line 351.
Package textcomp Info: Setting cmvtt sub-encoding to TS1/0 on input line 352.
Package textcomp Info: Setting cmbr sub-encoding to TS1/0 on input line 353.
Package textcomp Info: Setting cmtl sub-encoding to TS1/0 on input line 354.
Package textcomp Info: Setting ccr sub-encoding to TS1/0 on input line 355.
Package textcomp Info: Setting ptm sub-encoding to TS1/4 on input line 356.
Package textcomp Info: Setting pcr sub-encoding to TS1/4 on input line 357.
Package textcomp Info: Setting phv sub-encoding to TS1/4 on input line 358.
Package textcomp Info: Setting ppl sub-encoding to TS1/3 on input line 359.
Package textcomp Info: Setting pag sub-encoding to TS1/4 on input line 360.
Package textcomp Info: Setting pbk sub-encoding to TS1/4 on input line 361.
Package textcomp Info: Setting pnc sub-encoding to TS1/4 on input line 362.
Package textcomp Info: Setting pzc sub-encoding to TS1/4 on input line 363.
Package textcomp Info: Setting bch sub-encoding to TS1/4 on input line 364.
Package textcomp Info: Setting put sub-encoding to TS1/5 on input line 365.
Package textcomp Info: Setting uag sub-encoding to TS1/5 on input line 366.
Package textcomp Info: Setting ugq sub-encoding to TS1/5 on input line 367.
Package textcomp Info: Setting ul8 sub-encoding to TS1/4 on input line 368.
Package textcomp Info: Setting ul9 sub-encoding to TS1/4 on input line 369.
Package textcomp Info: Setting augie sub-encoding to TS1/5 on input line 370.
Package textcomp Info: Setting dayrom sub-encoding to TS1/3 on input line 371.
Package textcomp Info: Setting dayroms sub-encoding to TS1/3 on input line 372.

Package textcomp Info: Setting pxr sub-encoding to TS1/0 on input line 373.
Package textcomp Info: Setting pxss sub-encoding to TS1/0 on input line 374.
Package textcomp Info: Setting pxtt sub-encoding to TS1/0 on input line 375.
Package textcomp Info: Setting txr sub-encoding to TS1/0 on input line 376.
Package textcomp Info: Setting txss sub-encoding to TS1/0 on input line 377.
Package textcomp Info: Setting txtt sub-encoding to TS1/0 on input line 378.
Package textcomp Info: Setting lmr sub-encoding to TS1/0 on input line 379.
Package textcomp Info: Setting lmdh sub-encoding to TS1/0 on input line 380.
Package textcomp Info: Setting lmss sub-encoding to TS1/0 on input line 381.
Package textcomp Info: Setting lmssq sub-encoding to TS1/0 on input line 382.
Package textcomp Info: Setting lmvtt sub-encoding to TS1/0 on input line 383.
Package textcomp Info: Setting lmtt sub-encoding to TS1/0 on input line 384.
Package textcomp Info: Setting qhv sub-encoding to TS1/0 on input line 385.
Package textcomp Info: Setting qag sub-encoding to TS1/0 on input line 386.
Package textcomp Info: Setting qbk sub-encoding to TS1/0 on input line 387.
Package textcomp Info: Setting qcr sub-encoding to TS1/0 on input line 388.
Package textcomp Info: Setting qcs sub-encoding to TS1/0 on input line 389.
Package textcomp Info: Setting qpl sub-encoding to TS1/0 on input line 390.
Package textcomp Info: Setting qtm sub-encoding to TS1/0 on input line 391.
Package textcomp Info: Setting qzc sub-encoding to TS1/0 on input line 392.
Package textcomp Info: Setting qhvc sub-encoding to TS1/0 on input line 393.
Package textcomp Info: Setting futs sub-encoding to TS1/4 on input line 394.
Package textcomp Info: Setting futx sub-encoding to TS1/4 on input line 395.
Package textcomp Info: Setting futj sub-encoding to TS1/4 on input line 396.
Package textcomp Info: Setting hlh sub-encoding to TS1/3 on input line 397.
Package textcomp Info: Setting hls sub-encoding to TS1/3 on input line 398.
Package textcomp Info: Setting hlst sub-encoding to TS1/3 on input line 399.
Package textcomp Info: Setting hlct sub-encoding to TS1/5 on input line 400.
Package textcomp Info: Setting hlx sub-encoding to TS1/5 on input line 401.
Package textcomp Info: Setting hlce sub-encoding to TS1/5 on input line 402.
Package textcomp Info: Setting hlcn sub-encoding to TS1/5 on input line 403.
Package textcomp Info: Setting hlcw sub-encoding to TS1/5 on input line 404.
Package textcomp Info: Setting hlcf sub-encoding to TS1/5 on input line 405.
Package textcomp Info: Setting pplx sub-encoding to TS1/3 on input line 406.
Package textcomp Info: Setting pplj sub-encoding to TS1/3 on input line 407.
Package textcomp Info: Setting ptmx sub-encoding to TS1/4 on input line 408.
Package textcomp Info: Setting ptmj sub-encoding to TS1/4 on input line 409.
)
(/usr/local/texlive/2018/texmf-dist/tex/latex/base/fontenc.sty
Package: fontenc 2017/04/05 v2.0i Standard LaTeX package

(/usr/local/texlive/2018/texmf-dist/tex/latex/base/t1enc.def
File: t1enc.def 2017/04/05 v2.0i Standard LaTeX file
LaTeX Font Info:    Redeclaring font encoding T1 on input line 48.
))
(/usr/local/texlive/2018/texmf-dist/tex/latex/ae/ae.sty
Package: ae 2001/02/12 1.3 Almost European Computer Modern

(/usr/local/texlive/2018/texmf-dist/tex/latex/base/fontenc.sty
Package: fontenc 2017/04/05 v2.0i Standard LaTeX package

(/usr/local/texlive/2018/texmf-dist/tex/latex/base/t1enc.def
File: t1enc.def 2017/04/05 v2.0i Standard LaTeX file
LaTeX Font Info:    Redeclaring font encoding T1 on input line 48.
)
LaTeX Font Info:    Try loading font information for T1+aer on input line 105.

(/usr/local/texlive/2018/texmf-dist/tex/latex/ae/t1aer.fd
File: t1aer.fd 1997/11/16 Font definitions for T1/aer.
))))
(/usr/local/texlive/2018/texmf-dist/tex/latex/tools/tabularx.sty
Package: tabularx 2016/02/03 v2.11b `tabularx' package (DPC)

(/usr/local/texlive/2018/texmf-dist/tex/latex/tools/array.sty
Package: array 2018/04/07 v2.4g Tabular extension package (FMi)
\col@sep=\dimen109
\ar@mcellbox=\box27
\extrarowheight=\dimen110
\NC@list=\toks15
\extratabsurround=\skip44
\backup@length=\skip45
\ar@cellbox=\box28
)
\TX@col@width=\dimen111
\TX@old@table=\dimen112
\TX@old@col=\dimen113
\TX@target=\dimen114
\TX@delta=\dimen115
\TX@cols=\count91
\TX@ftn=\toks16
)
(/usr/local/texlive/2018/texmf-dist/tex/latex/hyperref/hyperref.sty
Package: hyperref 2018/02/06 v6.86b Hypertext links for LaTeX

(/usr/local/texlive/2018/texmf-dist/tex/generic/oberdiek/hobsub-hyperref.sty
Package: hobsub-hyperref 2016/05/16 v1.14 Bundle oberdiek, subset hyperref (HO)


(/usr/local/texlive/2018/texmf-dist/tex/generic/oberdiek/hobsub-generic.sty
Package: hobsub-generic 2016/05/16 v1.14 Bundle oberdiek, subset generic (HO)
Package: hobsub 2016/05/16 v1.14 Construct package bundles (HO)
Package: infwarerr 2016/05/16 v1.4 Providing info/warning/error messages (HO)
Package: ltxcmds 2016/05/16 v1.23 LaTeX kernel commands for general use (HO)
Package: ifluatex 2016/05/16 v1.4 Provides the ifluatex switch (HO)
Package ifluatex Info: LuaTeX not detected.
Package: ifvtex 2016/05/16 v1.6 Detect VTeX and its facilities (HO)
Package ifvtex Info: VTeX not detected.
Package: intcalc 2016/05/16 v1.2 Expandable calculations with integers (HO)
Package: ifpdf 2017/03/15 v3.2 Provides the ifpdf switch
Package: etexcmds 2016/05/16 v1.6 Avoid name clashes with e-TeX commands (HO)
Package etexcmds Info: Could not find \expanded.
(etexcmds)             That can mean that you are not using pdfTeX 1.50 or
(etexcmds)             that some package has redefined \expanded.
(etexcmds)             In the latter case, load this package earlier.
Package: kvsetkeys 2016/05/16 v1.17 Key value parser (HO)
Package: kvdefinekeys 2016/05/16 v1.4 Define keys (HO)
Package: pdftexcmds 2018/01/30 v0.27 Utility functions of pdfTeX for LuaTeX (HO
)
Package pdftexcmds Info: LuaTeX not detected.
Package pdftexcmds Info: \pdf@primitive is available.
Package pdftexcmds Info: \pdf@ifprimitive is available.
Package pdftexcmds Info: \pdfdraftmode found.
Package: pdfescape 2016/05/16 v1.14 Implements pdfTeX's escape features (HO)
Package: bigintcalc 2016/05/16 v1.4 Expandable calculations on big integers (HO
)
Package: bitset 2016/05/16 v1.2 Handle bit-vector datatype (HO)
Package: uniquecounter 2016/05/16 v1.3 Provide unlimited unique counter (HO)
)
Package hobsub Info: Skipping package `hobsub' (already loaded).
Package: letltxmacro 2016/05/16 v1.5 Let assignment for LaTeX macros (HO)
Package: hopatch 2016/05/16 v1.3 Wrapper for package hooks (HO)
Package: xcolor-patch 2016/05/16 xcolor patch
Package: atveryend 2016/05/16 v1.9 Hooks at the very end of document (HO)
Package atveryend Info: \enddocument detected (standard20110627).
Package: atbegshi 2016/06/09 v1.18 At begin shipout hook (HO)
Package: refcount 2016/05/16 v3.5 Data extraction from label references (HO)
Package: hycolor 2016/05/16 v1.8 Color options for hyperref/bookmark (HO)
)
(/usr/local/texlive/2018/texmf-dist/tex/generic/ifxetex/ifxetex.sty
Package: ifxetex 2010/09/12 v0.6 Provides ifxetex conditional
)
(/usr/local/texlive/2018/texmf-dist/tex/latex/oberdiek/auxhook.sty
Package: auxhook 2016/05/16 v1.4 Hooks for auxiliary files (HO)
)
(/usr/local/texlive/2018/texmf-dist/tex/latex/oberdiek/kvoptions.sty
Package: kvoptions 2016/05/16 v3.12 Key value format for package options (HO)
)
\@linkdim=\dimen116
\Hy@linkcounter=\count92
\Hy@pagecounter=\count93

(/usr/local/texlive/2018/texmf-dist/tex/latex/hyperref/pd1enc.def
File: pd1enc.def 2018/02/06 v6.86b Hyperref: PDFDocEncoding definition (HO)
Now handling font encoding PD1 ...
... no UTF-8 mapping file for font encoding PD1
)
\Hy@SavedSpaceFactor=\count94

(/usr/local/texlive/2018/texmf-dist/tex/latex/latexconfig/hyperref.cfg
File: hyperref.cfg 2002/06/06 v1.2 hyperref configuration of TeXLive
)
Package hyperref Info: Hyper figures OFF on input line 4509.
Package hyperref Info: Link nesting OFF on input line 4514.
Package hyperref Info: Hyper index ON on input line 4517.
Package hyperref Info: Plain pages OFF on input line 4524.
Package hyperref Info: Backreferencing OFF on input line 4529.
Package hyperref Info: Implicit mode ON; LaTeX internals redefined.
Package hyperref Info: Bookmarks ON on input line 4762.
\c@Hy@tempcnt=\count95

(/usr/local/texlive/2018/texmf-dist/tex/latex/url/url.sty
\Urlmuskip=\muskip10
Package: url 2013/09/16  ver 3.4  Verb mode for urls, etc.
)
LaTeX Info: Redefining \url on input line 5115.
\XeTeXLinkMargin=\dimen117
\Fld@menulength=\count96
\Field@Width=\dimen118
\Fld@charsize=\dimen119
Package hyperref Info: Hyper figures OFF on input line 6369.
Package hyperref Info: Link nesting OFF on input line 6374.
Package hyperref Info: Hyper index ON on input line 6377.
Package hyperref Info: backreferencing OFF on input line 6384.
Package hyperref Info: Link coloring OFF on input line 6389.
Package hyperref Info: Link coloring with OCG OFF on input line 6394.
Package hyperref Info: PDF/A mode OFF on input line 6399.
LaTeX Info: Redefining \ref on input line 6439.
LaTeX Info: Redefining \pageref on input line 6443.
\Hy@abspage=\count97
\c@Item=\count98
\c@Hfootnote=\count99
)
Package hyperref Info: Driver (autodetected): hpdftex.

(/usr/local/texlive/2018/texmf-dist/tex/latex/hyperref/hpdftex.def
File: hpdftex.def 2018/02/06 v6.86b Hyperref driver for pdfTeX
\Fld@listcount=\count100
\c@bookmark@seq@number=\count101

(/usr/local/texlive/2018/texmf-dist/tex/latex/oberdiek/rerunfilecheck.sty
Package: rerunfilecheck 2016/05/16 v1.8 Rerun checks for auxiliary files (HO)
Package uniquecounter Info: New unique counter `rerunfilecheck' on input line 2
82.
)
\Hy@SectionHShift=\skip46
)
(/usr/local/texlive/2018/texmf-dist/tex/latex/natbib/natbib.sty
Package: natbib 2010/09/13 8.31b (PWD, AO)
\bibhang=\skip47
\bibsep=\skip48
LaTeX Info: Redefining \cite on input line 694.
\c@NAT@ctr=\count102
)
(/usr/local/texlive/2018/texmf-dist/tex/latex/oberdiek/pdflscape.sty
Package: pdflscape 2016/05/14 v0.11 Display of landscape pages in PDF (HO)

(/usr/local/texlive/2018/texmf-dist/tex/latex/graphics/lscape.sty
Package: lscape 2000/10/22 v3.01 Landscape Pages (DPC)
)
Package pdflscape Info: Auto-detected driver: pdftex on input line 81.
)
(/usr/local/texlive/2018/texmf-dist/tex/latex/was/gensymb.sty
Package: gensymb 2003/07/02 v1.0 (WaS)
)
(/usr/local/texlive/2018/texmf-dist/tex/latex/caption/caption.sty
Package: caption 2016/02/21 v3.3-144 Customizing captions (AR)

(/usr/local/texlive/2018/texmf-dist/tex/latex/caption/caption3.sty
Package: caption3 2016/05/22 v1.7-166 caption3 kernel (AR)
Package caption3 Info: TeX engine: e-TeX on input line 67.
\captionmargin=\dimen120
\captionmargin@=\dimen121
\captionwidth=\dimen122
\caption@tempdima=\dimen123
\caption@indent=\dimen124
\caption@parindent=\dimen125
\caption@hangindent=\dimen126
)
\c@ContinuedFloat=\count103
Package caption Info: hyperref package is loaded.
)
(/usr/local/texlive/2018/texmf-dist/tex/latex/setspace/setspace.sty
Package: setspace 2011/12/19 v6.7a set line spacing
)
(/usr/local/texlive/2018/texmf-dist/tex/latex/upquote/upquote.sty
Package: upquote 2012/04/19 v1.3 upright-quote and grave-accent glyphs in verba
tim
)
No file traits_pheno_na.aux.
\openout1 = `traits_pheno_na.aux'.

LaTeX Font Info:    Checking defaults for OML/cmm/m/it on input line 101.
LaTeX Font Info:    ... okay on input line 101.
LaTeX Font Info:    Checking defaults for T1/cmr/m/n on input line 101.
LaTeX Font Info:    ... okay on input line 101.
LaTeX Font Info:    Checking defaults for OT1/cmr/m/n on input line 101.
LaTeX Font Info:    ... okay on input line 101.
LaTeX Font Info:    Checking defaults for OMS/cmsy/m/n on input line 101.
LaTeX Font Info:    ... okay on input line 101.
LaTeX Font Info:    Checking defaults for OMX/cmex/m/n on input line 101.
LaTeX Font Info:    ... okay on input line 101.
LaTeX Font Info:    Checking defaults for U/cmr/m/n on input line 101.
LaTeX Font Info:    ... okay on input line 101.
LaTeX Font Info:    Checking defaults for TS1/cmr/m/n on input line 101.
LaTeX Font Info:    Try loading font information for TS1+cmr on input line 101.

(/usr/local/texlive/2018/texmf-dist/tex/latex/base/ts1cmr.fd
File: ts1cmr.fd 2014/09/29 v2.5h Standard LaTeX font definitions
)
LaTeX Font Info:    ... okay on input line 101.
LaTeX Font Info:    Checking defaults for PD1/pdf/m/n on input line 101.
LaTeX Font Info:    ... okay on input line 101.

(/usr/local/texlive/2018/texmf-dist/tex/context/base/mkii/supp-pdf.mkii
[Loading MPS to PDF converter (version 2006.09.02).]
\scratchcounter=\count104
\scratchdimen=\dimen127
\scratchbox=\box29
\nofMPsegments=\count105
\nofMParguments=\count106
\everyMPshowfont=\toks17
\MPscratchCnt=\count107
\MPscratchDim=\dimen128
\MPnumerator=\count108
\makeMPintoPDFobject=\count109
\everyMPtoPDFconversion=\toks18
) (/usr/local/texlive/2018/texmf-dist/tex/latex/oberdiek/epstopdf-base.sty
Package: epstopdf-base 2016/05/15 v2.6 Base part for package epstopdf

(/usr/local/texlive/2018/texmf-dist/tex/latex/oberdiek/grfext.sty
Package: grfext 2016/05/16 v1.2 Manage graphics extensions (HO)
)
Package epstopdf-base Info: Redefining graphics rule for `.eps' on input line 4
38.
Package grfext Info: Graphics extension search list:
(grfext)             [.pdf,.png,.jpg,.mps,.jpeg,.jbig2,.jb2,.PDF,.PNG,.JPG,.JPE
G,.JBIG2,.JB2,.eps]
(grfext)             \AppendGraphicsExtensions on input line 456.

(/usr/local/texlive/2018/texmf-dist/tex/latex/latexconfig/epstopdf-sys.cfg
File: epstopdf-sys.cfg 2010/07/13 v1.3 Configuration of (r)epstopdf for TeX Liv
e
))
\AtBeginShipoutBox=\box30
Package hyperref Info: Link coloring OFF on input line 101.

(/usr/local/texlive/2018/texmf-dist/tex/latex/hyperref/nameref.sty
Package: nameref 2016/05/21 v2.44 Cross-referencing by name of section

(/usr/local/texlive/2018/texmf-dist/tex/generic/oberdiek/gettitlestring.sty
Package: gettitlestring 2016/05/16 v1.5 Cleanup title references (HO)
)
\c@section@level=\count110
)
LaTeX Info: Redefining \ref on input line 101.
LaTeX Info: Redefining \pageref on input line 101.
LaTeX Info: Redefining \nameref on input line 101.
\@outlinefile=\write4
\openout4 = `traits_pheno_na.out'.

\symgns@font=\mathgroup4
LaTeX Font Info:    Overwriting symbol font `gns@font' in version `bold'
(Font)                  TS1/aer/m/n --> TS1/aer/bx/n on input line 101.
Package gensymb Info: Math companion symbols declared on input line 101.
LaTeX Info: Redefining \degree on input line 101.
LaTeX Info: Redefining \celsius on input line 101.
Package gensymb Info: Using text companion symbols for \degree, \celsius and \p
erthousand on input line 101.
LaTeX Info: Redefining \ohm on input line 101.
Package gensymb Info: Using \textohm for \ohm on input line 101.
Package gensymb Info: Using \textmu for \micro on input line 101.
Package caption Info: Begin \AtBeginDocument code.
Package caption Info: End \AtBeginDocument code.

! Undefined control sequence.
l.102 \SweaveOpts
                 {concordance=FALSE}
The control sequence at the end of the top line
of your error message was never \def'ed. If you have
misspelled it (e.g., `\hobx'), type `I' and the correct
spelling (e.g., `I\hbox'). Otherwise just continue,
and I'll forget about whatever was undefined.

[1

{/usr/local/texlive/2018/texmf-var/fonts/map/pdftex/updmap/pdftex.map}]
LaTeX Font Info:    External font `cmex10' loaded for size
(Font)              <12> on input line 118.
LaTeX Font Info:    External font `cmex10' loaded for size
(Font)              <8> on input line 118.
LaTeX Font Info:    External font `cmex10' loaded for size
(Font)              <6> on input line 118.
LaTeX Font Info:    Try loading font information for TS1+aer on input line 118.


(/Library/Frameworks/R.framework/Resources/share/texmf/tex/latex/ts1aer.fd
File: ts1aer.fd 
)
LaTeX Font Info:    Font shape `TS1/aer/m/n' in size <12> not available
(Font)              Font shape `TS1/cmr/m/n' tried instead on input line 118.
LaTeX Font Info:    Font shape `TS1/aer/m/n' in size <8> not available
(Font)              Font shape `TS1/cmr/m/n' tried instead on input line 118.
LaTeX Font Info:    Font shape `TS1/aer/m/n' in size <6> not available
(Font)              Font shape `TS1/cmr/m/n' tried instead on input line 118.


Package natbib Warning: Citation `Lechowicz1984' on page 2 undefined on input l
ine 127.


Package natbib Warning: Citation `bradley1999' on page 2 undefined on input lin
e 131.


Package natbib Warning: Citation `parmesan2003' on page 2 undefined on input li
ne 131.


Package natbib Warning: Citation `root2003' on page 2 undefined on input line 1
31.

LaTeX Font Info:    Font shape `TS1/aer/m/n' in size <10> not available
(Font)              Font shape `TS1/cmr/m/n' tried instead on input line 131.

Package natbib Warning: Citation `Wolkovich:2012n' on page 2 undefined on input
 line 131.


Package natbib Warning: Citation `polgar2013' on page 2 undefined on input line
 131.


Package natbib Warning: Citation `bradley1999' on page 2 undefined on input lin
e 131.


Package natbib Warning: Citation `menzel2006' on page 2 undefined on input line
 131.


Package natbib Warning: Citation `Howe:1996' on page 2 undefined on input line 
133.


Package natbib Warning: Citation `flynn2018' on page 2 undefined on input line 
133.


Package natbib Warning: Citation `solbakken1994' on page 2 undefined on input l
ine 133.


Package natbib Warning: Citation `mcallan2006' on page 2 undefined on input lin
e 133.


Package natbib Warning: Citation `lagercrantz2009' on page 2 undefined on input
 line 133.


Package natbib Warning: Citation `Hsu:2011' on page 2 undefined on input line 1
33.


Package natbib Warning: Citation `Singh:2017' on page 2 undefined on input line
 133.


Package natbib Warning: Citation `Basler:2012' on page 2 undefined on input lin
e 133.


Package natbib Warning: Citation `saikkonen2012' on page 2 undefined on input l
ine 133.


Package natbib Warning: Citation `Gu2008' on page 2 undefined on input line 133
.


Package natbib Warning: Citation `parmesan2006' on page 2 undefined on input li
ne 143.


Package natbib Warning: Citation `richardson2013' on page 2 undefined on input 
line 143.

[2]

LaTeX Warning: Reference `fig:greenup' on page 3 undefined on input line 149.


LaTeX Warning: Reference `fig:greenup' on page 3 undefined on input line 149.


LaTeX Warning: Reference `fig:greenup' on page 3 undefined on input line 150.


LaTeX Warning: Reference `fig:greenup' on page 3 undefined on input line 150.


Package natbib Warning: Citation `ovaskainen2013' on page 3 undefined on input 
line 150.


Package natbib Warning: Citation `penuelas2002' on page 3 undefined on input li
ne 150.


LaTeX Warning: Reference `fig:spacetime' on page 3 undefined on input line 152.



Package natbib Warning: Citation `saikkonen2012' on page 3 undefined on input l
ine 156.


Package natbib Warning: Citation `way2015' on page 3 undefined on input line 15
6.


LaTeX Warning: Reference `fig:spacetime' on page 3 undefined on input line 156.



Package natbib Warning: Citation `parmesan2003' on page 3 undefined on input li
ne 157.


Package natbib Warning: Citation `chen2011' on page 3 undefined on input line 1
57.


LaTeX Warning: Reference `fig:spacetime' on page 3 undefined on input line 158.



Package natbib Warning: Citation `parmesan2003' on page 3 undefined on input li
ne 159.


Package natbib Warning: Citation `parmesan2003' on page 3 undefined on input li
ne 159.


Package natbib Warning: Citation `chen2011' on page 3 undefined on input line 1
59.

[3]

Package natbib Warning: Citation `Howe:1996' on page 4 undefined on input line 
162.


Package natbib Warning: Citation `saikkonen2012' on page 4 undefined on input l
ine 162.


Package natbib Warning: Citation `Partanen:2005aa' on page 4 undefined on input
 line 162.


Package natbib Warning: Citation `Vihera-Aarnio:2006aa' on page 4 undefined on 
input line 162.


Package natbib Warning: Citation `Caffarra:2011b' on page 4 undefined on input 
line 162.


Package natbib Warning: Citation `gauzere2017' on page 4 undefined on input lin
e 162.


Package natbib Warning: Citation `Linkosalo:2006aa' on page 4 undefined on inpu
t line 168.


Package natbib Warning: Citation `erwin1998' on page 4 undefined on input line 
168.


Package natbib Warning: Citation `sidaway2010' on page 4 undefined on input lin
e 168.


Package natbib Warning: Citation `Hsu:2011' on page 4 undefined on input line 1
68.


Package natbib Warning: Citation `Heide:2011aa' on page 4 undefined on input li
ne 168.


Package natbib Warning: Citation `Ashby:1962aa' on page 4 undefined on input li
ne 168.


Package natbib Warning: Citation `Heide:2012aa' on page 4 undefined on input li
ne 168.


Package natbib Warning: Citation `mimura2007' on page 4 undefined on input line
 168.


Package natbib Warning: Citation `muir1994' on page 4 undefined on input line 1
68.


Package natbib Warning: Citation `bradshaw2006' on page 4 undefined on input li
ne 168.


Package natbib Warning: Citation `saunders1970' on page 4 undefined on input li
ne 168.


Package natbib Warning: Citation `tobin2008' on page 4 undefined on input line 
168.


Package natbib Warning: Citation `zydlewski2014' on page 4 undefined on input l
ine 168.


Package natbib Warning: Citation `menzel2000' on page 4 undefined on input line
 171.


Package natbib Warning: Citation `ovaskainen2013' on page 4 undefined on input 
line 171.


Package natbib Warning: Citation `penuelas2002' on page 4 undefined on input li
ne 171.


Package natbib Warning: Citation `polgar2013' on page 4 undefined on input line
 171.


Package natbib Warning: Citation `koerner2010b' on page 4 undefined on input li
ne 171.


Package natbib Warning: Citation `vitasse2013' on page 4 undefined on input lin
e 171.


Package natbib Warning: Citation `Morin:2010aa' on page 4 undefined on input li
ne 171.


Package natbib Warning: Citation `Nienstaedt:1966aa' on page 4 undefined on inp
ut line 171.


Package natbib Warning: Citation `wareing1956' on page 4 undefined on input lin
e 171.


Package natbib Warning: Citation `mimura2007' on page 4 undefined on input line
 171.


Package natbib Warning: Citation `koerner2010b' on page 4 undefined on input li
ne 171.


Package natbib Warning: Citation `tobin2008' on page 4 undefined on input line 
171.


Package natbib Warning: Citation `muir1994' on page 4 undefined on input line 1
71.


Package natbib Warning: Citation `cleland2012' on page 4 undefined on input lin
e 171.


Package natbib Warning: Citation `willis2010' on page 4 undefined on input line
 171.


Package natbib Warning: Citation `Sanz-Perez:2009aa' on page 4 undefined on inp
ut line 179.


Package natbib Warning: Citation `zohner2016' on page 4 undefined on input line
 179.


Package natbib Warning: Citation `flynn2018' on page 4 undefined on input line 
179.


Package natbib Warning: Citation `tanino2010' on page 4 undefined on input line
 179.


Package natbib Warning: Citation `Howe:1995aa' on page 4 undefined on input lin
e 179.


Package natbib Warning: Citation `tanino2010' on page 4 undefined on input line
 179.


Package natbib Warning: Citation `bradshaw1995' on page 4 undefined on input li
ne 179.


Package natbib Warning: Citation `weih2004' on page 4 undefined on input line 1
79.


Package natbib Warning: Citation `keller2011' on page 4 undefined on input line
 179.

[4]

Package natbib Warning: Citation `flynn2018' on page 5 undefined on input line 
189.


Package natbib Warning: Citation `van2007' on page 5 undefined on input line 18
9.


Package natbib Warning: Citation `ibanez2010' on page 5 undefined on input line
 189.


Package natbib Warning: Citation `chuine2001' on page 5 undefined on input line
 189.


Package natbib Warning: Citation `morin2009' on page 5 undefined on input line 
189.


Package natbib Warning: Citation `xie1989' on page 5 undefined on input line 18
9.


Package natbib Warning: Citation `van2007' on page 5 undefined on input line 18
9.


Package natbib Warning: Citation `ibanez2010' on page 5 undefined on input line
 189.


Package natbib Warning: Citation `diez2012' on page 5 undefined on input line 1
89.


Package natbib Warning: Citation `richardson2013' on page 5 undefined on input 
line 189.


Package natbib Warning: Citation `duputie2015' on page 5 undefined on input lin
e 190.


Package natbib Warning: Citation `morin2009' on page 5 undefined on input line 
190.


Package natbib Warning: Citation `xie1989' on page 5 undefined on input line 19
0.


Package natbib Warning: Citation `zhao2013' on page 5 undefined on input line 1
90.


Package natbib Warning: Citation `Basler:2012' on page 5 undefined on input lin
e 190.


Package natbib Warning: Citation `zhu2012' on page 5 undefined on input line 19
0.


Package natbib Warning: Citation `garcia2016' on page 5 undefined on input line
 190.


Package natbib Warning: Citation `van2007' on page 5 undefined on input line 19
0.


Package natbib Warning: Citation `ibanez2010' on page 5 undefined on input line
 190.


Package natbib Warning: Citation `diez2012' on page 5 undefined on input line 1
90.


LaTeX Warning: Reference `fig:photomap' on page 5 undefined on input line 193.


Package natbib Warning: Citation `bradshaw2006' on page 5 undefined on input li
ne 193.


Package natbib Warning: Citation `gwinner1996' on page 5 undefined on input lin
e 193.


Package natbib Warning: Citation `tobin2008' on page 5 undefined on input line 
193.


LaTeX Warning: Reference `fig:condiag' on page 5 undefined on input line 193.


LaTeX Warning: Reference `fig:spacetime' on page 5 undefined on input line 193.



Package natbib Warning: Citation `duputie2015' on page 5 undefined on input lin
e 193.


Package natbib Warning: Citation `Basler:2014aa' on page 5 undefined on input l
ine 196.


Package natbib Warning: Citation `Heide:2015aa' on page 5 undefined on input li
ne 196.


LaTeX Warning: Reference `fig:photomap' on page 5 undefined on input line 196.


LaTeX Warning: Reference `fig:fagus' on page 5 undefined on input line 196.


Package natbib Warning: Citation `duputie2015' on page 5 undefined on input lin
e 196.


LaTeX Warning: Reference `fig:fagus' on page 5 undefined on input line 196.


LaTeX Warning: Reference `fig:condiag' on page 5 undefined on input line 196.


LaTeX Warning: Reference `fig:photomap' on page 5 undefined on input line 196.


LaTeX Warning: Reference `fig:fagus' on page 5 undefined on input line 196.


Package natbib Warning: Citation `tobin2008' on page 5 undefined on input line 
198.


Package natbib Warning: Citation `jolly2005' on page 5 undefined on input line 
198.


Package natbib Warning: Citation `medvigy2013' on page 5 undefined on input lin
e 198.


Package natbib Warning: Citation `morin2009' on page 5 undefined on input line 
198.


Package natbib Warning: Citation `zhu2012' on page 5 undefined on input line 19
8.


Package natbib Warning: Citation `zydlewski2014' on page 5 undefined on input l
ine 200.


LaTeX Warning: Reference `fig:photocurve' on page 5 undefined on input line 200
.

[5]

LaTeX Warning: Reference `fig:photomap' on page 6 undefined on input line 206.


Package natbib Warning: Citation `bradshaw2006' on page 6 undefined on input li
ne 206.


Package natbib Warning: Citation `linn1996' on page 6 undefined on input line 2
06.


Package natbib Warning: Citation `solbakken1994' on page 6 undefined on input l
ine 206.


Package natbib Warning: Citation `taranger2003' on page 6 undefined on input li
ne 206.


Package natbib Warning: Citation `dawson2001' on page 6 undefined on input line
 206.


Package natbib Warning: Citation `mcallan2006' on page 6 undefined on input lin
e 206.


Package natbib Warning: Citation `solbakken1994' on page 6 undefined on input l
ine 206.

LaTeX Font Info:    External font `cmex10' loaded for size
(Font)              <7> on input line 209.
LaTeX Font Info:    External font `cmex10' loaded for size
(Font)              <5> on input line 209.
LaTeX Font Info:    Font shape `TS1/aer/m/n' in size <7> not available
(Font)              Font shape `TS1/cmr/m/n' tried instead on input line 209.
LaTeX Font Info:    Font shape `TS1/aer/m/n' in size <5> not available
(Font)              Font shape `TS1/cmr/m/n' tried instead on input line 209.
[6]

Package natbib Warning: There were undefined citations.

Package atveryend Info: Empty hook `BeforeClearDocument' on input line 231.
[7]
Package atveryend Info: Empty hook `AfterLastShipout' on input line 231.
 (./traits_pheno_na.aux)
Package atveryend Info: Executing hook `AtVeryEndDocument' on input line 231.
Package atveryend Info: Executing hook `AtEndAfterFileList' on input line 231.


Package rerunfilecheck Warning: File `traits_pheno_na.out' has changed.
(rerunfilecheck)                Rerun to get outlines right
(rerunfilecheck)                or use package `bookmark'.

Package rerunfilecheck Info: Checksums for `traits_pheno_na.out':
(rerunfilecheck)             Before: <no file>
(rerunfilecheck)             After:  D41D8CD98F00B204E9800998ECF8427E;0.

LaTeX Warning: There were undefined references.

Package atveryend Info: Empty hook `AtVeryVeryEnd' on input line 231.
 ) 
Here is how much of TeX's memory you used:
 7916 strings out of 492649
 119520 string characters out of 6129622
 210340 words of memory out of 5000000
 11661 multiletter control sequences out of 15000+600000
 27104 words of font info for 59 fonts, out of 8000000 for 9000
 1141 hyphenation exceptions out of 8191
 36i,6n,38p,1458b,382s stack positions out of 5000i,500n,10000p,200000b,80000s
{/usr/local/texlive/2018/texmf-dist/fonts/enc/dvips/cm-super/cm-super-ts1.enc
}</usr/local/texlive/2018/texmf-dist/fonts/type1/public/amsfonts/cm/cmbx10.pfb>
</usr/local/texlive/2018/texmf-dist/fonts/type1/public/amsfonts/cm/cmbx12.pfb><
/usr/local/texlive/2018/texmf-dist/fonts/type1/public/amsfonts/cm/cmr10.pfb></u
sr/local/texlive/2018/texmf-dist/fonts/type1/public/amsfonts/cm/cmr12.pfb></usr
/local/texlive/2018/texmf-dist/fonts/type1/public/amsfonts/cm/cmr17.pfb></usr/l
ocal/texlive/2018/texmf-dist/fonts/type1/public/amsfonts/cm/cmti10.pfb></usr/lo
cal/texlive/2018/texmf-dist/fonts/type1/public/cm-super/sfrm1000.pfb>
Output written on traits_pheno_na.pdf (7 pages, 106384 bytes).
PDF statistics:
 81 PDF objects out of 1000 (max. 8388607)
 64 compressed objects within 1 object stream
 18 named destinations out of 1000 (max. 500000)
 1 words of extra memory for PDF output out of 10000 (max. 10000000)

